This file contains any messages produced by compilers while
running configure, to aid debugging if configure makes a mistake.

It was created by BOINC configure 6.10.58, which was
generated by GNU Autoconf 2.65.  Invocation command line was

  $ ./configure --build x86_64-linux-gnu --enable-client --disable-server --with-ssl --without-wx-config CFLAGS=-g -O2 -g -Wall -O3 CXXFLAGS=-g -O2 -g -Wall -O3 LDFLAGS= -Wl,--as-needed

## --------- ##
## Platform. ##
## --------- ##

hostname = Toshiba
uname -m = x86_64
uname -r = 2.6.32-5-amd64
uname -s = Linux
uname -v = #1 SMP Tue Jul 6 14:14:38 UTC 2010

/usr/bin/uname -p = unknown
/bin/uname -X     = unknown

/bin/arch              = unknown
/usr/bin/arch -k       = unknown
/usr/convex/getsysinfo = unknown
/usr/bin/hostinfo      = unknown
/bin/machine           = unknown
/usr/bin/oslevel       = unknown
/bin/universe          = unknown

PATH: /usr/sbin
PATH: /usr/bin
PATH: /sbin
PATH: /bin
PATH: /usr/bin/X11


## ----------- ##
## Core tests. ##
## ----------- ##

configure:3124: checking build system type
configure:3138: result: x86_64-pc-linux-gnu
configure:3158: checking host system type
configure:3171: result: x86_64-pc-linux-gnu
configure:3191: checking target system type
configure:3204: result: x86_64-pc-linux-gnu
configure:3246: checking for a BSD-compatible install
configure:3314: result: /usr/bin/install -c
configure:3325: checking whether build environment is sane
configure:3362: result: yes
configure:3424: checking for gawk
configure:3440: found /usr/bin/gawk
configure:3451: result: gawk
configure:3462: checking whether make sets $(MAKE)
configure:3484: result: yes
configure:3727: checking for gcc
configure:3743: found /usr/bin/gcc
configure:3754: result: gcc
configure:3983: checking for C compiler version
configure:3992: gcc --version >&5
gcc (Debian 4.4.4-7) 4.4.4
Copyright (C) 2010 Free Software Foundation, Inc.
This is free software; see the source for copying conditions.  There is NO
warranty; not even for MERCHANTABILITY or FITNESS FOR A PARTICULAR PURPOSE.

configure:4003: $? = 0
configure:3992: gcc -v >&5
Using built-in specs.
Target: x86_64-linux-gnu
Configured with: ../src/configure -v --with-pkgversion='Debian 4.4.4-7' --with-bugurl=file:///usr/share/doc/gcc-4.4/README.Bugs --enable-languages=c,c++,fortran,objc,obj-c++ --prefix=/usr --enable-shared --enable-multiarch --enable-linker-build-id --with-system-zlib --libexecdir=/usr/lib --without-included-gettext --enable-threads=posix --with-gxx-include-dir=/usr/include/c++/4.4 --program-suffix=-4.4 --enable-nls --enable-clocale=gnu --enable-libstdcxx-debug --enable-objc-gc --with-arch-32=i586 --with-tune=generic --enable-checking=release --build=x86_64-linux-gnu --host=x86_64-linux-gnu --target=x86_64-linux-gnu
Thread model: posix
gcc version 4.4.4 (Debian 4.4.4-7) 
configure:4003: $? = 0
configure:3992: gcc -V >&5
gcc: '-V' option must have argument
configure:4003: $? = 1
configure:3992: gcc -qversion >&5
gcc: unrecognized option '-qversion'
gcc: no input files
configure:4003: $? = 1
configure:4023: checking whether the C compiler works
configure:4045: gcc -g -O2 -g -Wall -O3   -Wl,--as-needed conftest.c  >&5
configure:4049: $? = 0
configure:4098: result: yes
configure:4101: checking for C compiler default output file name
configure:4103: result: a.out
configure:4109: checking for suffix of executables
configure:4116: gcc -o conftest -g -O2 -g -Wall -O3   -Wl,--as-needed conftest.c  >&5
configure:4120: $? = 0
configure:4142: result: 
configure:4164: checking whether we are cross compiling
configure:4172: gcc -o conftest -g -O2 -g -Wall -O3   -Wl,--as-needed conftest.c  >&5
configure:4176: $? = 0
configure:4183: ./conftest
configure:4187: $? = 0
configure:4202: result: no
configure:4207: checking for suffix of object files
configure:4229: gcc -c -g -O2 -g -Wall -O3  conftest.c >&5
configure:4233: $? = 0
configure:4254: result: o
configure:4258: checking whether we are using the GNU C compiler
configure:4277: gcc -c -g -O2 -g -Wall -O3  conftest.c >&5
configure:4277: $? = 0
configure:4286: result: yes
configure:4295: checking whether gcc accepts -g
configure:4315: gcc -c -g  conftest.c >&5
configure:4315: $? = 0
configure:4356: result: yes
configure:4373: checking for gcc option to accept ISO C89
configure:4437: gcc  -c -g -O2 -g -Wall -O3  conftest.c >&5
configure:4437: $? = 0
configure:4450: result: none needed
configure:4481: checking for style of include used by make
configure:4509: result: GNU
configure:4537: checking dependency style of gcc
configure:4627: result: gcc3
configure:4702: checking for g++
configure:4718: found /usr/bin/g++
configure:4729: result: g++
configure:4756: checking for C++ compiler version
configure:4765: g++ --version >&5
g++ (Debian 4.4.4-7) 4.4.4
Copyright (C) 2010 Free Software Foundation, Inc.
This is free software; see the source for copying conditions.  There is NO
warranty; not even for MERCHANTABILITY or FITNESS FOR A PARTICULAR PURPOSE.

configure:4776: $? = 0
configure:4765: g++ -v >&5
Using built-in specs.
Target: x86_64-linux-gnu
Configured with: ../src/configure -v --with-pkgversion='Debian 4.4.4-7' --with-bugurl=file:///usr/share/doc/gcc-4.4/README.Bugs --enable-languages=c,c++,fortran,objc,obj-c++ --prefix=/usr --enable-shared --enable-multiarch --enable-linker-build-id --with-system-zlib --libexecdir=/usr/lib --without-included-gettext --enable-threads=posix --with-gxx-include-dir=/usr/include/c++/4.4 --program-suffix=-4.4 --enable-nls --enable-clocale=gnu --enable-libstdcxx-debug --enable-objc-gc --with-arch-32=i586 --with-tune=generic --enable-checking=release --build=x86_64-linux-gnu --host=x86_64-linux-gnu --target=x86_64-linux-gnu
Thread model: posix
gcc version 4.4.4 (Debian 4.4.4-7) 
configure:4776: $? = 0
configure:4765: g++ -V >&5
g++: '-V' option must have argument
configure:4776: $? = 1
configure:4765: g++ -qversion >&5
g++: unrecognized option '-qversion'
g++: no input files
configure:4776: $? = 1
configure:4780: checking whether we are using the GNU C++ compiler
configure:4799: g++ -c -g -O2 -g -Wall -O3  conftest.cpp >&5
configure:4799: $? = 0
configure:4808: result: yes
configure:4817: checking whether g++ accepts -g
configure:4837: g++ -c -g  conftest.cpp >&5
configure:4837: $? = 0
configure:4878: result: yes
configure:4903: checking dependency style of g++
configure:4993: result: gcc3
configure:5063: checking for g77
configure:5093: result: no
configure:5063: checking for xlf
configure:5093: result: no
configure:5063: checking for f77
configure:5093: result: no
configure:5063: checking for frt
configure:5093: result: no
configure:5063: checking for pgf77
configure:5093: result: no
configure:5063: checking for cf77
configure:5093: result: no
configure:5063: checking for fort77
configure:5093: result: no
configure:5063: checking for fl32
configure:5093: result: no
configure:5063: checking for af77
configure:5093: result: no
configure:5063: checking for xlf90
configure:5093: result: no
configure:5063: checking for f90
configure:5093: result: no
configure:5063: checking for pgf90
configure:5093: result: no
configure:5063: checking for pghpf
configure:5093: result: no
configure:5063: checking for epcf90
configure:5093: result: no
configure:5063: checking for gfortran
configure:5079: found /usr/bin/gfortran
configure:5090: result: gfortran
configure:5116: checking for Fortran 77 compiler version
configure:5125: gfortran --version >&5
GNU Fortran (Debian 4.4.4-7) 4.4.4
Copyright (C) 2010 Free Software Foundation, Inc.

GNU Fortran comes with NO WARRANTY, to the extent permitted by law.
You may redistribute copies of GNU Fortran
under the terms of the GNU General Public License.
For more information about these matters, see the file named COPYING

configure:5136: $? = 0
configure:5125: gfortran -v >&5
Using built-in specs.
Target: x86_64-linux-gnu
Configured with: ../src/configure -v --with-pkgversion='Debian 4.4.4-7' --with-bugurl=file:///usr/share/doc/gcc-4.4/README.Bugs --enable-languages=c,c++,fortran,objc,obj-c++ --prefix=/usr --enable-shared --enable-multiarch --enable-linker-build-id --with-system-zlib --libexecdir=/usr/lib --without-included-gettext --enable-threads=posix --with-gxx-include-dir=/usr/include/c++/4.4 --program-suffix=-4.4 --enable-nls --enable-clocale=gnu --enable-libstdcxx-debug --enable-objc-gc --with-arch-32=i586 --with-tune=generic --enable-checking=release --build=x86_64-linux-gnu --host=x86_64-linux-gnu --target=x86_64-linux-gnu
Thread model: posix
gcc version 4.4.4 (Debian 4.4.4-7) 
configure:5136: $? = 0
configure:5125: gfortran -V >&5
gfortran: '-V' option must have argument
configure:5136: $? = 1
configure:5125: gfortran -qversion >&5
gfortran: unrecognized option '-qversion'
gfortran: no input files
configure:5136: $? = 1
configure:5145: checking whether we are using the GNU Fortran 77 compiler
configure:5158: gfortran -c -g -O2 conftest.F >&5
configure:5158: $? = 0
configure:5167: result: yes
configure:5173: checking whether gfortran accepts -g
configure:5184: gfortran -c -g conftest.f >&5
configure:5184: $? = 0
configure:5192: result: yes
configure:5226: checking how to run the C preprocessor
configure:5257: gcc -E  conftest.c
configure:5257: $? = 0
configure:5271: gcc -E  conftest.c
conftest.c:11:28: error: ac_nonexistent.h: No such file or directory
configure:5271: $? = 1
configure: failed program was:
| /* confdefs.h */
| #define PACKAGE_NAME "BOINC"
| #define PACKAGE_TARNAME "boinc"
| #define PACKAGE_VERSION "6.10.58"
| #define PACKAGE_STRING "BOINC 6.10.58"
| #define PACKAGE_BUGREPORT ""
| #define PACKAGE_URL ""
| #define PACKAGE "boinc"
| #define VERSION "6.10.58"
| /* end confdefs.h.  */
| #include <ac_nonexistent.h>
configure:5296: result: gcc -E
configure:5316: gcc -E  conftest.c
configure:5316: $? = 0
configure:5330: gcc -E  conftest.c
conftest.c:11:28: error: ac_nonexistent.h: No such file or directory
configure:5330: $? = 1
configure: failed program was:
| /* confdefs.h */
| #define PACKAGE_NAME "BOINC"
| #define PACKAGE_TARNAME "boinc"
| #define PACKAGE_VERSION "6.10.58"
| #define PACKAGE_STRING "BOINC 6.10.58"
| #define PACKAGE_BUGREPORT ""
| #define PACKAGE_URL ""
| #define PACKAGE "boinc"
| #define VERSION "6.10.58"
| /* end confdefs.h.  */
| #include <ac_nonexistent.h>
configure:5358: checking whether make sets $(MAKE)
configure:5380: result: yes
configure:5394: checking for ln
configure:5412: found /bin/ln
configure:5424: result: /bin/ln
configure:5436: checking whether '/bin/ln' works
configure:5442: result: yes
configure:5453: checking whether ln -s works
configure:5457: result: yes
configure:5465: checking whether 'ln -s' really works or whether I'm deluding myself
configure:5471: result: it works
configure:5490: checking whether gcc and cc understand -c and -o together
configure:5521: gcc -c conftest.c -o conftest2.o >&5
configure:5525: $? = 0
configure:5531: gcc -c conftest.c -o conftest2.o >&5
configure:5535: $? = 0
configure:5546: cc -c conftest.c >&5
configure:5550: $? = 0
configure:5558: cc -c conftest.c -o conftest2.o >&5
configure:5562: $? = 0
configure:5568: cc -c conftest.c -o conftest2.o >&5
configure:5572: $? = 0
configure:5590: result: yes
configure:8501: checking for docbook2x-man
configure:8519: found /usr/bin/docbook2x-man
configure:8531: result: /usr/bin/docbook2x-man
configure:8558: checking for grep that handles long lines and -e
configure:8616: result: /bin/grep
configure:8621: checking for egrep
configure:8683: result: /bin/grep -E
configure:8688: checking for ANSI C header files
configure:8708: gcc -c -g -O2 -g -Wall -O3  conftest.c >&5
configure:8708: $? = 0
configure:8781: gcc -o conftest -g -O2 -g -Wall -O3   -Wl,--as-needed conftest.c  >&5
configure:8781: $? = 0
configure:8781: ./conftest
configure:8781: $? = 0
configure:8792: result: yes
configure:8805: checking for sys/types.h
configure:8805: gcc -c -g -O2 -g -Wall -O3  conftest.c >&5
configure:8805: $? = 0
configure:8805: result: yes
configure:8805: checking for sys/stat.h
configure:8805: gcc -c -g -O2 -g -Wall -O3  conftest.c >&5
configure:8805: $? = 0
configure:8805: result: yes
configure:8805: checking for stdlib.h
configure:8805: gcc -c -g -O2 -g -Wall -O3  conftest.c >&5
configure:8805: $? = 0
configure:8805: result: yes
configure:8805: checking for string.h
configure:8805: gcc -c -g -O2 -g -Wall -O3  conftest.c >&5
configure:8805: $? = 0
configure:8805: result: yes
configure:8805: checking for memory.h
configure:8805: gcc -c -g -O2 -g -Wall -O3  conftest.c >&5
configure:8805: $? = 0
configure:8805: result: yes
configure:8805: checking for strings.h
configure:8805: gcc -c -g -O2 -g -Wall -O3  conftest.c >&5
configure:8805: $? = 0
configure:8805: result: yes
configure:8805: checking for inttypes.h
configure:8805: gcc -c -g -O2 -g -Wall -O3  conftest.c >&5
configure:8805: $? = 0
configure:8805: result: yes
configure:8805: checking for stdint.h
configure:8805: gcc -c -g -O2 -g -Wall -O3  conftest.c >&5
configure:8805: $? = 0
configure:8805: result: yes
configure:8805: checking for unistd.h
configure:8805: gcc -c -g -O2 -g -Wall -O3  conftest.c >&5
configure:8805: $? = 0
configure:8805: result: yes
configure:8819: checking whether we are compiling for cygwin
configure:8828: result: no
configure:8853: checking windows.h usability
configure:8853: gcc -c -g -O2 -g -Wall -O3  conftest.c >&5
conftest.c:54:21: error: windows.h: No such file or directory
configure:8853: $? = 1
configure: failed program was:
| /* confdefs.h */
| #define PACKAGE_NAME "BOINC"
| #define PACKAGE_TARNAME "boinc"
| #define PACKAGE_VERSION "6.10.58"
| #define PACKAGE_STRING "BOINC 6.10.58"
| #define PACKAGE_BUGREPORT ""
| #define PACKAGE_URL ""
| #define PACKAGE "boinc"
| #define VERSION "6.10.58"
| #define STDC_HEADERS 1
| #define HAVE_SYS_TYPES_H 1
| #define HAVE_SYS_STAT_H 1
| #define HAVE_STDLIB_H 1
| #define HAVE_STRING_H 1
| #define HAVE_MEMORY_H 1
| #define HAVE_STRINGS_H 1
| #define HAVE_INTTYPES_H 1
| #define HAVE_STDINT_H 1
| #define HAVE_UNISTD_H 1
| /* end confdefs.h.  */
| #include <stdio.h>
| #ifdef HAVE_SYS_TYPES_H
| # include <sys/types.h>
| #endif
| #ifdef HAVE_SYS_STAT_H
| # include <sys/stat.h>
| #endif
| #ifdef STDC_HEADERS
| # include <stdlib.h>
| # include <stddef.h>
| #else
| # ifdef HAVE_STDLIB_H
| #  include <stdlib.h>
| # endif
| #endif
| #ifdef HAVE_STRING_H
| # if !defined STDC_HEADERS && defined HAVE_MEMORY_H
| #  include <memory.h>
| # endif
| # include <string.h>
| #endif
| #ifdef HAVE_STRINGS_H
| # include <strings.h>
| #endif
| #ifdef HAVE_INTTYPES_H
| # include <inttypes.h>
| #endif
| #ifdef HAVE_STDINT_H
| # include <stdint.h>
| #endif
| #ifdef HAVE_UNISTD_H
| # include <unistd.h>
| #endif
| #include <windows.h>
configure:8853: result: no
configure:8853: checking windows.h presence
configure:8853: gcc -E  conftest.c
conftest.c:21:21: error: windows.h: No such file or directory
configure:8853: $? = 1
configure: failed program was:
| /* confdefs.h */
| #define PACKAGE_NAME "BOINC"
| #define PACKAGE_TARNAME "boinc"
| #define PACKAGE_VERSION "6.10.58"
| #define PACKAGE_STRING "BOINC 6.10.58"
| #define PACKAGE_BUGREPORT ""
| #define PACKAGE_URL ""
| #define PACKAGE "boinc"
| #define VERSION "6.10.58"
| #define STDC_HEADERS 1
| #define HAVE_SYS_TYPES_H 1
| #define HAVE_SYS_STAT_H 1
| #define HAVE_STDLIB_H 1
| #define HAVE_STRING_H 1
| #define HAVE_MEMORY_H 1
| #define HAVE_STRINGS_H 1
| #define HAVE_INTTYPES_H 1
| #define HAVE_STDINT_H 1
| #define HAVE_UNISTD_H 1
| /* end confdefs.h.  */
| #include <windows.h>
configure:8853: result: no
configure:8853: checking for windows.h
configure:8853: result: no
configure:8853: checking for winsock2.h
configure:8853: result: no
configure:8853: checking for winsock.h
configure:8853: result: no
configure:8853: checking sys/socket.h usability
configure:8853: gcc -c -g -O2 -g -Wall -O3  conftest.c >&5
configure:8853: $? = 0
configure:8853: result: yes
configure:8853: checking sys/socket.h presence
configure:8853: gcc -E  conftest.c
configure:8853: $? = 0
configure:8853: result: yes
configure:8853: checking for sys/socket.h
configure:8853: result: yes
configure:8898: checking dependency style of 
configure:8988: result: none
configure:9086: checking for a sed that does not truncate output
configure:9140: result: /bin/sed
configure:9154: checking for ld used by gcc
configure:9221: result: /usr/bin/ld
configure:9228: checking if the linker (/usr/bin/ld) is GNU ld
configure:9243: result: yes
configure:9248: checking for /usr/bin/ld option to reload object files
configure:9255: result: -r
configure:9273: checking for BSD-compatible nm
configure:9315: result: /usr/bin/nm -B
configure:9319: checking how to recognise dependent libraries
configure:9491: result: pass_all
configure:9575: gcc -c -g -O2 -g -Wall -O3  conftest.c >&5
configure:9578: $? = 0
configure:9951: checking dlfcn.h usability
configure:9951: gcc -c -g -O2 -g -Wall -O3  conftest.c >&5
configure:9951: $? = 0
configure:9951: result: yes
configure:9951: checking dlfcn.h presence
configure:9951: gcc -E  conftest.c
configure:9951: $? = 0
configure:9951: result: yes
configure:9951: checking for dlfcn.h
configure:9951: result: yes
configure:9971: checking how to run the C++ preprocessor
configure:9998: g++ -E  conftest.cpp
configure:9998: $? = 0
configure:10012: g++ -E  conftest.cpp
conftest.cpp:23:28: error: ac_nonexistent.h: No such file or directory
configure:10012: $? = 1
configure: failed program was:
| /* confdefs.h */
| #define PACKAGE_NAME "BOINC"
| #define PACKAGE_TARNAME "boinc"
| #define PACKAGE_VERSION "6.10.58"
| #define PACKAGE_STRING "BOINC 6.10.58"
| #define PACKAGE_BUGREPORT ""
| #define PACKAGE_URL ""
| #define PACKAGE "boinc"
| #define VERSION "6.10.58"
| #define STDC_HEADERS 1
| #define HAVE_SYS_TYPES_H 1
| #define HAVE_SYS_STAT_H 1
| #define HAVE_STDLIB_H 1
| #define HAVE_STRING_H 1
| #define HAVE_MEMORY_H 1
| #define HAVE_STRINGS_H 1
| #define HAVE_INTTYPES_H 1
| #define HAVE_STDINT_H 1
| #define HAVE_UNISTD_H 1
| #define HAVE_SYS_SOCKET_H 1
| #define HAVE_DLFCN_H 1
| /* end confdefs.h.  */
| #include <ac_nonexistent.h>
configure:10037: result: g++ -E
configure:10057: g++ -E  conftest.cpp
configure:10057: $? = 0
configure:10071: g++ -E  conftest.cpp
conftest.cpp:23:28: error: ac_nonexistent.h: No such file or directory
configure:10071: $? = 1
configure: failed program was:
| /* confdefs.h */
| #define PACKAGE_NAME "BOINC"
| #define PACKAGE_TARNAME "boinc"
| #define PACKAGE_VERSION "6.10.58"
| #define PACKAGE_STRING "BOINC 6.10.58"
| #define PACKAGE_BUGREPORT ""
| #define PACKAGE_URL ""
| #define PACKAGE "boinc"
| #define VERSION "6.10.58"
| #define STDC_HEADERS 1
| #define HAVE_SYS_TYPES_H 1
| #define HAVE_SYS_STAT_H 1
| #define HAVE_STDLIB_H 1
| #define HAVE_STRING_H 1
| #define HAVE_MEMORY_H 1
| #define HAVE_STRINGS_H 1
| #define HAVE_INTTYPES_H 1
| #define HAVE_STDINT_H 1
| #define HAVE_UNISTD_H 1
| #define HAVE_SYS_SOCKET_H 1
| #define HAVE_DLFCN_H 1
| /* end confdefs.h.  */
| #include <ac_nonexistent.h>
configure:10105: checking the maximum length of command line arguments
configure:10184: result: 32768
configure:10195: checking command to parse /usr/bin/nm -B output from gcc object
configure:10291: g++ -c -g -O2 -g -Wall -O3  conftest.cpp >&5
configure:10294: $? = 0
configure:10298: /usr/bin/nm -B conftest.o \| sed -n -e 's/^.*[ 	]\([ABCDGIRSTW][ABCDGIRSTW]*\)[ 	][ 	]*\(\)\([_A-Za-z][_A-Za-z0-9]*\)$/\1 \2\3 \3/p' \> conftest.nm
configure:10301: $? = 0
configure:10353: g++ -o conftest -g -O2 -g -Wall -O3   -Wl,--as-needed conftest.cpp conftstm.o >&5
configure:10356: $? = 0
configure:10394: result: ok
configure:10398: checking for objdir
configure:10413: result: .libs
configure:10505: checking for ar
configure:10521: found /usr/bin/ar
configure:10532: result: ar
configure:10597: checking for ranlib
configure:10613: found /usr/bin/ranlib
configure:10624: result: ranlib
configure:10689: checking for strip
configure:10705: found /usr/bin/strip
configure:10716: result: strip
configure:10990: checking if gcc static flag  works
configure:11013: result: yes
configure:11035: checking if gcc supports -fno-rtti -fno-exceptions
configure:11053: gcc -c -g -O2 -g -Wall -O3  -fno-rtti -fno-exceptions conftest.c >&5
cc1: warning: command line option "-fno-rtti" is valid for C++/ObjC++ but not for C
configure:11057: $? = 0
configure:11068: result: no
configure:11083: checking for gcc option to produce PIC
configure:11270: result: -fPIC
configure:11278: checking if gcc PIC flag -fPIC works
configure:11296: gcc -c -g -O2 -g -Wall -O3  -fPIC -DPIC conftest.c >&5
configure:11300: $? = 0
configure:11311: result: yes
configure:11335: checking if gcc supports -c -o file.o
configure:11356: gcc -c -g -O2 -g -Wall -O3  -o out/conftest2.o conftest.c >&5
configure:11360: $? = 0
configure:11380: result: yes
configure:11406: checking whether the gcc linker (/usr/bin/ld -m elf_x86_64) supports shared libraries
configure:12197: result: yes
configure:12223: checking whether -lc should be explicitly linked in
configure:12228: gcc -c -g -O2 -g -Wall -O3  conftest.c >&5
configure:12231: $? = 0
configure:12245: gcc -shared conftest.o  -v -Wl,-soname -Wl,conftest -o conftest 2\>\&1 \| grep  -lc  \>/dev/null 2\>\&1
configure:12248: $? = 0
configure:12260: result: no
configure:12268: checking dynamic linker characteristics
configure:12808: result: GNU/Linux ld.so
configure:12812: checking how to hardcode library paths into programs
configure:12837: result: immediate
configure:12851: checking whether stripping libraries is possible
configure:12856: result: yes
configure:12954: checking for shl_load
configure:12954: gcc -o conftest -g -O2 -g -Wall -O3   -Wl,--as-needed conftest.c  >&5
/tmp/cci9kvat.o: In function `main':
/home/moeller/git/boinc/conftest.c:57: undefined reference to `shl_load'
collect2: ld returned 1 exit status
configure:12954: $? = 1
configure: failed program was:
| /* confdefs.h */
| #define PACKAGE_NAME "BOINC"
| #define PACKAGE_TARNAME "boinc"
| #define PACKAGE_VERSION "6.10.58"
| #define PACKAGE_STRING "BOINC 6.10.58"
| #define PACKAGE_BUGREPORT ""
| #define PACKAGE_URL ""
| #define PACKAGE "boinc"
| #define VERSION "6.10.58"
| #define STDC_HEADERS 1
| #define HAVE_SYS_TYPES_H 1
| #define HAVE_SYS_STAT_H 1
| #define HAVE_STDLIB_H 1
| #define HAVE_STRING_H 1
| #define HAVE_MEMORY_H 1
| #define HAVE_STRINGS_H 1
| #define HAVE_INTTYPES_H 1
| #define HAVE_STDINT_H 1
| #define HAVE_UNISTD_H 1
| #define HAVE_SYS_SOCKET_H 1
| #define HAVE_DLFCN_H 1
| /* end confdefs.h.  */
| /* Define shl_load to an innocuous variant, in case <limits.h> declares shl_load.
|    For example, HP-UX 11i <limits.h> declares gettimeofday.  */
| #define shl_load innocuous_shl_load
| 
| /* System header to define __stub macros and hopefully few prototypes,
|     which can conflict with char shl_load (); below.
|     Prefer <limits.h> to <assert.h> if __STDC__ is defined, since
|     <limits.h> exists even on freestanding compilers.  */
| 
| #ifdef __STDC__
| # include <limits.h>
| #else
| # include <assert.h>
| #endif
| 
| #undef shl_load
| 
| /* Override any GCC internal prototype to avoid an error.
|    Use char because int might match the return type of a GCC
|    builtin and then its argument prototype would still apply.  */
| #ifdef __cplusplus
| extern "C"
| #endif
| char shl_load ();
| /* The GNU C library defines this for functions which it implements
|     to always fail with ENOSYS.  Some functions are actually named
|     something starting with __ and the normal name is an alias.  */
| #if defined __stub_shl_load || defined __stub___shl_load
| choke me
| #endif
| 
| int
| main ()
| {
| return shl_load ();
|   ;
|   return 0;
| }
configure:12954: result: no
configure:12958: checking for shl_load in -ldld
configure:12983: gcc -o conftest -g -O2 -g -Wall -O3   -Wl,--as-needed conftest.c -ldld   >&5
/usr/bin/ld: cannot find -ldld
collect2: ld returned 1 exit status
configure:12983: $? = 1
configure: failed program was:
| /* confdefs.h */
| #define PACKAGE_NAME "BOINC"
| #define PACKAGE_TARNAME "boinc"
| #define PACKAGE_VERSION "6.10.58"
| #define PACKAGE_STRING "BOINC 6.10.58"
| #define PACKAGE_BUGREPORT ""
| #define PACKAGE_URL ""
| #define PACKAGE "boinc"
| #define VERSION "6.10.58"
| #define STDC_HEADERS 1
| #define HAVE_SYS_TYPES_H 1
| #define HAVE_SYS_STAT_H 1
| #define HAVE_STDLIB_H 1
| #define HAVE_STRING_H 1
| #define HAVE_MEMORY_H 1
| #define HAVE_STRINGS_H 1
| #define HAVE_INTTYPES_H 1
| #define HAVE_STDINT_H 1
| #define HAVE_UNISTD_H 1
| #define HAVE_SYS_SOCKET_H 1
| #define HAVE_DLFCN_H 1
| /* end confdefs.h.  */
| 
| /* Override any GCC internal prototype to avoid an error.
|    Use char because int might match the return type of a GCC
|    builtin and then its argument prototype would still apply.  */
| #ifdef __cplusplus
| extern "C"
| #endif
| char shl_load ();
| int
| main ()
| {
| return shl_load ();
|   ;
|   return 0;
| }
configure:12992: result: no
configure:12997: checking for dlopen
configure:12997: gcc -o conftest -g -O2 -g -Wall -O3   -Wl,--as-needed conftest.c  >&5
/tmp/ccU3hBJT.o: In function `main':
/home/moeller/git/boinc/conftest.c:57: undefined reference to `dlopen'
collect2: ld returned 1 exit status
configure:12997: $? = 1
configure: failed program was:
| /* confdefs.h */
| #define PACKAGE_NAME "BOINC"
| #define PACKAGE_TARNAME "boinc"
| #define PACKAGE_VERSION "6.10.58"
| #define PACKAGE_STRING "BOINC 6.10.58"
| #define PACKAGE_BUGREPORT ""
| #define PACKAGE_URL ""
| #define PACKAGE "boinc"
| #define VERSION "6.10.58"
| #define STDC_HEADERS 1
| #define HAVE_SYS_TYPES_H 1
| #define HAVE_SYS_STAT_H 1
| #define HAVE_STDLIB_H 1
| #define HAVE_STRING_H 1
| #define HAVE_MEMORY_H 1
| #define HAVE_STRINGS_H 1
| #define HAVE_INTTYPES_H 1
| #define HAVE_STDINT_H 1
| #define HAVE_UNISTD_H 1
| #define HAVE_SYS_SOCKET_H 1
| #define HAVE_DLFCN_H 1
| /* end confdefs.h.  */
| /* Define dlopen to an innocuous variant, in case <limits.h> declares dlopen.
|    For example, HP-UX 11i <limits.h> declares gettimeofday.  */
| #define dlopen innocuous_dlopen
| 
| /* System header to define __stub macros and hopefully few prototypes,
|     which can conflict with char dlopen (); below.
|     Prefer <limits.h> to <assert.h> if __STDC__ is defined, since
|     <limits.h> exists even on freestanding compilers.  */
| 
| #ifdef __STDC__
| # include <limits.h>
| #else
| # include <assert.h>
| #endif
| 
| #undef dlopen
| 
| /* Override any GCC internal prototype to avoid an error.
|    Use char because int might match the return type of a GCC
|    builtin and then its argument prototype would still apply.  */
| #ifdef __cplusplus
| extern "C"
| #endif
| char dlopen ();
| /* The GNU C library defines this for functions which it implements
|     to always fail with ENOSYS.  Some functions are actually named
|     something starting with __ and the normal name is an alias.  */
| #if defined __stub_dlopen || defined __stub___dlopen
| choke me
| #endif
| 
| int
| main ()
| {
| return dlopen ();
|   ;
|   return 0;
| }
configure:12997: result: no
configure:13001: checking for dlopen in -ldl
configure:13026: gcc -o conftest -g -O2 -g -Wall -O3   -Wl,--as-needed conftest.c -ldl   >&5
configure:13026: $? = 0
configure:13035: result: yes
configure:13154: checking whether a program can dlopen itself
configure:13226: gcc -o conftest -g -O2 -g -Wall -O3  -DHAVE_DLFCN_H  -Wl,--as-needed -Wl,--export-dynamic conftest.c -ldl  >&5
configure: In function 'fnord':
configure:13209: warning: unused variable 'i'
configure: In function 'main':
configure:13222: warning: implicit declaration of function 'exit'
configure:13222: warning: incompatible implicit declaration of built-in function 'exit'
configure:13229: $? = 0
configure:13247: result: yes
configure:13252: checking whether a statically linked program can dlopen itself
configure:13324: gcc -o conftest -g -O2 -g -Wall -O3  -DHAVE_DLFCN_H  -Wl,--as-needed -Wl,--export-dynamic  conftest.c -ldl  >&5
configure: In function 'fnord':
configure:13307: warning: unused variable 'i'
configure: In function 'main':
configure:13320: warning: implicit declaration of function 'exit'
configure:13320: warning: incompatible implicit declaration of built-in function 'exit'
configure:13327: $? = 0
configure:13345: result: yes
configure:13368: checking if libtool supports shared libraries
configure:13370: result: yes
configure:13373: checking whether to build shared libraries
configure:13394: result: yes
configure:13397: checking whether to build static libraries
configure:13401: result: yes
configure:13493: creating libtool
configure:14038: checking for ld used by g++
configure:14105: result: /usr/bin/ld -m elf_x86_64
configure:14112: checking if the linker (/usr/bin/ld -m elf_x86_64) is GNU ld
configure:14127: result: yes
configure:14178: checking whether the g++ linker (/usr/bin/ld -m elf_x86_64) supports shared libraries
configure:14987: result: yes
configure:15009: g++ -c -g -O2 -g -Wall -O3  conftest.cc >&5
configure:15012: $? = 0
configure:15108: checking for g++ option to produce PIC
configure:15370: result: -fPIC
configure:15378: checking if g++ PIC flag -fPIC works
configure:15396: g++ -c -g -O2 -g -Wall -O3  -fPIC -DPIC conftest.cc >&5
configure:15400: $? = 0
configure:15411: result: yes
configure:15435: checking if g++ supports -c -o file.o
configure:15456: g++ -c -g -O2 -g -Wall -O3  -o out/conftest2.o conftest.cc >&5
configure:15460: $? = 0
configure:15480: result: yes
configure:15506: checking whether the g++ linker (/usr/bin/ld -m elf_x86_64) supports shared libraries
configure:15531: result: yes
configure:15602: checking dynamic linker characteristics
configure:16142: result: GNU/Linux ld.so
configure:16146: checking how to hardcode library paths into programs
configure:16171: result: immediate
configure:16185: checking whether stripping libraries is possible
configure:16190: result: yes
configure:16288: checking for shl_load
configure:16288: result: no
configure:16292: checking for shl_load in -ldld
configure:16326: result: no
configure:16331: checking for dlopen
configure:16331: result: no
configure:16335: checking for dlopen in -ldl
configure:16369: result: yes
configure:16488: checking whether a program can dlopen itself
configure:16581: result: yes
configure:16586: checking whether a statically linked program can dlopen itself
configure:16679: result: yes
configure:17179: checking if libtool supports shared libraries
configure:17181: result: yes
configure:17184: checking whether to build shared libraries
configure:17202: result: yes
configure:17205: checking whether to build static libraries
configure:17209: result: yes
configure:17221: checking for gfortran option to produce PIC
configure:17408: result: -fPIC
configure:17416: checking if gfortran PIC flag -fPIC works
configure:17434: gfortran -c -g -O2 -fPIC conftest.f >&5
configure:17438: $? = 0
configure:17449: result: yes
configure:17473: checking if gfortran supports -c -o file.o
configure:17494: gfortran -c -g -O2 -o out/conftest2.o conftest.f >&5
configure:17498: $? = 0
configure:17518: result: yes
configure:17544: checking whether the gfortran linker (/usr/bin/ld -m elf_x86_64) supports shared libraries
configure:18323: result: yes
configure:18394: checking dynamic linker characteristics
configure:18934: result: GNU/Linux ld.so
configure:18938: checking how to hardcode library paths into programs
configure:18963: result: immediate
configure:18977: checking whether stripping libraries is possible
configure:18982: result: yes
configure:22770: checking default bitness of compiler
configure:22787: result: 64
configure:22813: checking boinc platform
configure:22870: result: x86_64-pc-linux-gnu
configure:22872: checking alternate boinc platform
configure:22882: result: i686-pc-linux-gnu
configure:22904: checking library extension
configure:22912: result: a
configure:22917: checking shared object extension
configure:22930: result: so
configure:23107: checking for windows.h
configure:23107: result: no
configure:23124: checking for sys/socket.h
configure:23124: result: yes
configure:23139: checking for socklen_t
configure:23139: gcc -c -g -O2 -g -Wall -O3  conftest.c >&5
configure:23139: $? = 0
configure:23139: gcc -c -g -O2 -g -Wall -O3  conftest.c >&5
conftest.c: In function 'main':
conftest.c:65: error: expected expression before ')' token
configure:23139: $? = 1
configure: failed program was:
| /* confdefs.h */
| #define PACKAGE_NAME "BOINC"
| #define PACKAGE_TARNAME "boinc"
| #define PACKAGE_VERSION "6.10.58"
| #define PACKAGE_STRING "BOINC 6.10.58"
| #define PACKAGE_BUGREPORT ""
| #define PACKAGE_URL ""
| #define PACKAGE "boinc"
| #define VERSION "6.10.58"
| #define STDC_HEADERS 1
| #define HAVE_SYS_TYPES_H 1
| #define HAVE_SYS_STAT_H 1
| #define HAVE_STDLIB_H 1
| #define HAVE_STRING_H 1
| #define HAVE_MEMORY_H 1
| #define HAVE_STRINGS_H 1
| #define HAVE_INTTYPES_H 1
| #define HAVE_STDINT_H 1
| #define HAVE_UNISTD_H 1
| #define HAVE_SYS_SOCKET_H 1
| #define HAVE_DLFCN_H 1
| #define HOSTTYPE "x86_64-pc-linux-gnu"
| #define HOSTTYPEALT "i686-pc-linux-gnu"
| #define DLLEXT ".so"
| #define HAVE_SYS_SOCKET_H 1
| /* end confdefs.h.  */
| #include <stdio.h>
| #ifdef HAVE_SYS_TYPES_H
| # include <sys/types.h>
| #endif
| #ifdef HAVE_SYS_STAT_H
| # include <sys/stat.h>
| #endif
| #ifdef STDC_HEADERS
| # include <stdlib.h>
| # include <stddef.h>
| #else
| # ifdef HAVE_STDLIB_H
| #  include <stdlib.h>
| # endif
| #endif
| #ifdef HAVE_STRING_H
| # if !defined STDC_HEADERS && defined HAVE_MEMORY_H
| #  include <memory.h>
| # endif
| # include <string.h>
| #endif
| #ifdef HAVE_STRINGS_H
| # include <strings.h>
| #endif
| #ifdef HAVE_INTTYPES_H
| # include <inttypes.h>
| #endif
| #ifdef HAVE_STDINT_H
| # include <stdint.h>
| #endif
| #ifdef HAVE_UNISTD_H
| # include <unistd.h>
| #endif
| #include <sys/socket.h>
| 
| int
| main ()
| {
| if (sizeof ((socklen_t)))
| 	    return 0;
|   ;
|   return 0;
| }
configure:23139: result: yes
configure:23155: checking type of getsockopt() parameter five
configure:23185: gcc -c -g -O2 -g -Wall -O3 -Werror -pedantic  conftest.c >&5
configure:23185: $? = 0
configure:23231: result: socklen_t
configure:23406: checking for gawk
configure:23433: result: gawk
configure:23456: checking for curl-config
configure:23474: found /usr/bin/curl-config
configure:23486: result: /usr/bin/curl-config
configure:23496: checking for the version of libcurl
configure:23503: result: 7.21.0
configure:23510: checking for libcurl >= version 7.17.1
configure:23523: result: yes
configure:24125: checking whether libcurl is usable
configure:24158: gcc -o conftest -g -O2 -g -Wall -O3    -Wl,--as-needed conftest.c  -lcurl >&5
configure:24158: $? = 0
configure:24172: result: yes
configure:24185: checking for curl_free
configure:24185: gcc -o conftest -g -O2 -g -Wall -O3    -Wl,--as-needed conftest.c  -lcurl >&5

## ---------------- ##
## Cache variables. ##
## ---------------- ##

ac_cv_build=x86_64-pc-linux-gnu
ac_cv_c_compiler_gnu=yes
ac_cv_cxx_compiler_gnu=yes
ac_cv_env_CCC_set=
ac_cv_env_CCC_value=
ac_cv_env_CC_set=
ac_cv_env_CC_value=
ac_cv_env_CFLAGS_set=set
ac_cv_env_CFLAGS_value='-g -O2 -g -Wall -O3'
ac_cv_env_CPPFLAGS_set=set
ac_cv_env_CPPFLAGS_value=
ac_cv_env_CPP_set=
ac_cv_env_CPP_value=
ac_cv_env_CXXCPP_set=
ac_cv_env_CXXCPP_value=
ac_cv_env_CXXFLAGS_set=set
ac_cv_env_CXXFLAGS_value='-g -O2 -g -Wall -O3'
ac_cv_env_CXX_set=
ac_cv_env_CXX_value=
ac_cv_env_F77_set=
ac_cv_env_F77_value=
ac_cv_env_FFLAGS_set=set
ac_cv_env_FFLAGS_value='-g -O2'
ac_cv_env_LDFLAGS_set=set
ac_cv_env_LDFLAGS_value=' -Wl,--as-needed'
ac_cv_env_LIBS_set=
ac_cv_env_LIBS_value=
ac_cv_env_MYSQL_CONFIG_set=
ac_cv_env_MYSQL_CONFIG_value=
ac_cv_env_XMKMF_set=
ac_cv_env_XMKMF_value=
ac_cv_env_build_alias_set=set
ac_cv_env_build_alias_value=x86_64-linux-gnu
ac_cv_env_host_alias_set=
ac_cv_env_host_alias_value=
ac_cv_env_target_alias_set=
ac_cv_env_target_alias_value=
ac_cv_f77_compiler_gnu=yes
ac_cv_func_dlopen=no
ac_cv_func_shl_load=no
ac_cv_header_dlfcn_h=yes
ac_cv_header_inttypes_h=yes
ac_cv_header_memory_h=yes
ac_cv_header_stdc=yes
ac_cv_header_stdint_h=yes
ac_cv_header_stdlib_h=yes
ac_cv_header_string_h=yes
ac_cv_header_strings_h=yes
ac_cv_header_sys_socket_h=yes
ac_cv_header_sys_stat_h=yes
ac_cv_header_sys_types_h=yes
ac_cv_header_unistd_h=yes
ac_cv_header_windows_h=no
ac_cv_header_winsock2_h=no
ac_cv_header_winsock_h=no
ac_cv_host=x86_64-pc-linux-gnu
ac_cv_lib_dl_dlopen=yes
ac_cv_lib_dld_shl_load=no
ac_cv_objext=o
ac_cv_path_DOCBOOK2X_MAN=/usr/bin/docbook2x-man
ac_cv_path_EGREP='/bin/grep -E'
ac_cv_path_GREP=/bin/grep
ac_cv_path_LN=/bin/ln
ac_cv_path__libcurl_config=/usr/bin/curl-config
ac_cv_path_install='/usr/bin/install -c'
ac_cv_prog_AWK=gawk
ac_cv_prog_CPP='gcc -E'
ac_cv_prog_CXXCPP='g++ -E'
ac_cv_prog_ac_ct_AR=ar
ac_cv_prog_ac_ct_CC=gcc
ac_cv_prog_ac_ct_CXX=g++
ac_cv_prog_ac_ct_F77=gfortran
ac_cv_prog_ac_ct_RANLIB=ranlib
ac_cv_prog_ac_ct_STRIP=strip
ac_cv_prog_cc_c89=
ac_cv_prog_cc_g=yes
ac_cv_prog_cc_gcc_c_o=yes
ac_cv_prog_cxx_g=yes
ac_cv_prog_f77_g=yes
ac_cv_prog_make_make_set=yes
ac_cv_target=x86_64-pc-linux-gnu
ac_cv_type_socklen_t=yes
am_cv_CC_dependencies_compiler_type=gcc3
am_cv_CXX_dependencies_compiler_type=gcc3
am_cv_OBJC_dependencies_compiler_type=none
boinc_cv_getsockopt_type=socklen_t
libcurl_cv_lib_curl_usable=yes
libcurl_cv_lib_curl_version=7.21.0
libcurl_cv_lib_version_ok=yes
lt_cv_deplibs_check_method=pass_all
lt_cv_dlopen=dlopen
lt_cv_dlopen_libs=-ldl
lt_cv_dlopen_self=yes
lt_cv_dlopen_self_static=yes
lt_cv_file_magic_cmd='$MAGIC_CMD'
lt_cv_file_magic_test_file=
lt_cv_ld_reload_flag=-r
lt_cv_objdir=.libs
lt_cv_path_LD=/usr/bin/ld
lt_cv_path_LDCXX='/usr/bin/ld -m elf_x86_64'
lt_cv_path_NM='/usr/bin/nm -B'
lt_cv_path_SED=/bin/sed
lt_cv_prog_compiler_c_o=yes
lt_cv_prog_compiler_c_o_CXX=yes
lt_cv_prog_compiler_c_o_F77=yes
lt_cv_prog_compiler_rtti_exceptions=no
lt_cv_prog_gnu_ld=yes
lt_cv_prog_gnu_ldcxx=yes
lt_cv_sys_global_symbol_pipe='sed -n -e '\''s/^.*[ 	]\([ABCDGIRSTW][ABCDGIRSTW]*\)[ 	][ 	]*\(\)\([_A-Za-z][_A-Za-z0-9]*\)$/\1 \2\3 \3/p'\'''
lt_cv_sys_global_symbol_to_c_name_address='sed -n -e '\''s/^: \([^ ]*\) $/  {\"\1\", (lt_ptr) 0},/p'\'' -e '\''s/^[BCDEGRST] \([^ ]*\) \([^ ]*\)$/  {"\2", (lt_ptr) \&\2},/p'\'''
lt_cv_sys_global_symbol_to_cdecl='sed -n -e '\''s/^. .* \(.*\)$/extern int \1;/p'\'''
lt_cv_sys_max_cmd_len=32768
lt_lt_cv_prog_compiler_c_o='"yes"'
lt_lt_cv_prog_compiler_c_o_CXX='"yes"'
lt_lt_cv_prog_compiler_c_o_F77='"yes"'
lt_lt_cv_sys_global_symbol_pipe='"sed -n -e '\''s/^.*[ 	]\\([ABCDGIRSTW][ABCDGIRSTW]*\\)[ 	][ 	]*\\(\\)\\([_A-Za-z][_A-Za-z0-9]*\\)\$/\\1 \\2\\3 \\3/p'\''"'
lt_lt_cv_sys_global_symbol_to_c_name_address='"sed -n -e '\''s/^: \\([^ ]*\\) \$/  {\\\"\\1\\\", (lt_ptr) 0},/p'\'' -e '\''s/^[BCDEGRST] \\([^ ]*\\) \\([^ ]*\\)\$/  {\"\\2\", (lt_ptr) \\&\\2},/p'\''"'
lt_lt_cv_sys_global_symbol_to_cdecl='"sed -n -e '\''s/^. .* \\(.*\\)\$/extern int \\1;/p'\''"'

## ----------------- ##
## Output variables. ##
## ----------------- ##

ACLOCAL='${SHELL} /home/moeller/git/boinc/missing --run aclocal-1.9'
ALLOCA=''
AMDEPBACKSLASH='\'
AMDEP_FALSE='#'
AMDEP_TRUE=''
AMTAR='${SHELL} /home/moeller/git/boinc/missing --run tar'
AR='ar'
AS='as'
AUTOCONF='${SHELL} /home/moeller/git/boinc/missing --run autoconf'
AUTOHEADER='${SHELL} /home/moeller/git/boinc/missing --run autoheader'
AUTOMAKE='${SHELL} /home/moeller/git/boinc/missing --run automake-1.9'
AWK='gawk'
BOINC_EXTRA_LIBS=''
BOINC_MAJOR_VERSION='6'
BOINC_MINOR_VERSION='10'
BOINC_RELEASE='58'
BOINC_VERSION_STRING='6.10.58'
BUILD_GRAPHICS_API_FALSE=''
BUILD_GRAPHICS_API_TRUE=''
BUILD_STATIC_LIBS_FALSE=''
BUILD_STATIC_LIBS_TRUE=''
CC='gcc'
CCDEPMODE='depmode=gcc3'
CFLAGS='-g -O2 -g -Wall -O3'
CLIENTGUIFLAGS=''
CLIENTGUILIBS=''
CLIENTLIBS=''
CLIENT_BIN_FILENAME='boinc'
CLIENT_CMD_BIN_FILENAME='boinccmd'
CLIENT_GUI_BIN_FILENAME='boincmgr'
CPP='gcc -E'
CPPFLAGS=' '
CXX='g++'
CXXCPP='g++ -E'
CXXDEPMODE='depmode=gcc3'
CXXFLAGS='-g -O2 -g -Wall -O3'
CYGPATH_W='echo'
DEFS=''
DEPDIR='.deps'
DLLEXT='so'
DLLTOOL='dlltool'
DOCBOOK2X_MAN='/usr/bin/docbook2x-man'
DYNAMIC_CLIENT_FALSE=''
DYNAMIC_CLIENT_TRUE=''
ECHO='echo'
ECHO_C=''
ECHO_N='-n'
ECHO_T=''
EGREP='/bin/grep -E'
ENABLE_CLIENT_FALSE=''
ENABLE_CLIENT_RELEASE_FALSE=''
ENABLE_CLIENT_RELEASE_TRUE=''
ENABLE_CLIENT_TRUE=''
ENABLE_FCGI_FALSE=''
ENABLE_FCGI_TRUE=''
ENABLE_LIBRARIES_FALSE=''
ENABLE_LIBRARIES_TRUE=''
ENABLE_MANAGER_FALSE=''
ENABLE_MANAGER_TRUE=''
ENABLE_SERVER_FALSE=''
ENABLE_SERVER_TRUE=''
EXEEXT=''
F77='gfortran'
FFLAGS='-g -O2'
FULLNAME=''
GLUT_CFLAGS=''
GLUT_LIBS=''
GLU_CFLAGS=''
GLU_LIBS=''
GL_CFLAGS=''
GL_LIBS=''
GREP='/bin/grep'
GTK_CONFIG=''
GTK_LIBS=''
HAVE_CUDA_LIB_FALSE=''
HAVE_CUDA_LIB_TRUE=''
HAVE_DOCBOOK2X_MAN_FALSE='#'
HAVE_DOCBOOK2X_MAN_TRUE=''
INSTALL_DATA='${INSTALL} -m 644'
INSTALL_HEADERS_FALSE=''
INSTALL_HEADERS_TRUE=''
INSTALL_PROGRAM='${INSTALL}'
INSTALL_SCRIPT='${INSTALL}'
INSTALL_STRIP_PROGRAM='${SHELL} $(install_sh) -c -s'
LDFLAGS=' -Wl,--as-needed'
LD_EXPORT_DYNAMIC=''
LIBBOINC_VERSION='6:10:58'
LIBCURL='-lcurl'
LIBCURL_CPPFLAGS=''
LIBEXT='a'
LIBOBJS=''
LIBS=' -lcurl'
LIBTOOL='$(SHELL) $(top_builddir)/libtool'
LN='/bin/ln'
LN_S='ln -s'
LOGNAME='moeller'
LTLIBOBJS=''
MAKEINFO='${SHELL} /home/moeller/git/boinc/missing --run makeinfo'
MYSQL_CFLAGS=''
MYSQL_CONFIG=''
MYSQL_LIBS=''
OBJC='gcc'
OBJCDEPMODE='depmode=none'
OBJCFLAGS='-ObjC'
OBJDUMP='objdump'
OBJEXT='o'
OS_DARWIN_FALSE=''
OS_DARWIN_TRUE=''
OS_LINUX_FALSE=''
OS_LINUX_TRUE=''
OS_OS2_FALSE=''
OS_OS2_TRUE=''
OS_WIN32_MINGW_FALSE=''
OS_WIN32_MINGW_TRUE=''
PACKAGE='boinc'
PACKAGE_BUGREPORT=''
PACKAGE_NAME='BOINC'
PACKAGE_STRING='BOINC 6.10.58'
PACKAGE_TARNAME='boinc'
PACKAGE_URL=''
PACKAGE_VERSION='6.10.58'
PATH_SEPARATOR=':'
PICFLAGS=' -fPIC -DPIC'
PKGCONFIG=''
PTHREAD_CC=''
PTHREAD_CFLAGS=''
PTHREAD_LIBS=''
RANLIB='ranlib'
RDATE='2010.07.19'
REV=''
SET_MAKE=''
SHELL='/bin/bash'
SQLITE3_CPPFLAGS=''
SQLITE3_LIBS=''
SSLDIR=''
SSL_CFLAGS=''
SSL_CXXFLAGS=''
SSL_LIBS=''
STRIP='strip'
TOP_BUILD_DIR='/home/moeller/git/boinc'
VERSION='6.10.58'
WHOAMI=''
WX_CFLAGS=''
WX_CFLAGS_ONLY=''
WX_CONFIG_PATH=''
WX_CPPFLAGS=''
WX_CXXFLAGS=''
WX_CXXFLAGS_ONLY=''
WX_LIBS=''
WX_LIBS_STATIC=''
WX_VERSION=''
XMKMF=''
X_CFLAGS=''
X_EXTRA_LIBS=''
X_LIBS=''
X_PRE_LIBS=''
_libcurl_config='/usr/bin/curl-config'
ac_ct_CC='gcc'
ac_ct_CXX='g++'
ac_ct_F77='gfortran'
acx_pthread_config=''
am__fastdepCC_FALSE='#'
am__fastdepCC_TRUE=''
am__fastdepCXX_FALSE='#'
am__fastdepCXX_TRUE=''
am__fastdepOBJC_FALSE=''
am__fastdepOBJC_TRUE='#'
am__include='include'
am__leading_dot='.'
am__quote=''
am__tar='${AMTAR} chof - "$$tardir"'
am__untar='${AMTAR} xf -'
bindir='${exec_prefix}/bin'
boinc_alt_platform='i686-pc-linux-gnu'
boinc_platform='x86_64-pc-linux-gnu'
build='x86_64-pc-linux-gnu'
build_alias='x86_64-linux-gnu'
build_cpu='x86_64'
build_os='linux-gnu'
build_vendor='pc'
datadir='${datarootdir}'
datarootdir='${prefix}/share'
docdir='${datarootdir}/doc/${PACKAGE_TARNAME}'
dvidir='${docdir}'
exec_prefix='NONE'
host='x86_64-pc-linux-gnu'
host_alias=''
host_cpu='x86_64'
host_os='linux-gnu'
host_vendor='pc'
htmldir='${docdir}'
includedir='${prefix}/include'
infodir='${datarootdir}/info'
install_sh='/home/moeller/git/boinc/install-sh'
libdir='${exec_prefix}/lib'
libexecdir='${exec_prefix}/libexec'
localedir='${datarootdir}/locale'
localstatedir='${prefix}/var'
mandir='${datarootdir}/man'
mkdir_p='mkdir -p --'
oldincludedir='/usr/include'
pdfdir='${docdir}'
prefix='NONE'
program_transform_name='s,x,x,'
psdir='${docdir}'
sbindir='${exec_prefix}/sbin'
sharedstatedir='${prefix}/com'
sysconfdir='${prefix}/etc'
target='x86_64-pc-linux-gnu'
target_alias=''
target_cpu='x86_64'
target_os='linux-gnu'
target_vendor='pc'

## ----------- ##
## confdefs.h. ##
## ----------- ##

/* confdefs.h */
#define PACKAGE_NAME "BOINC"
#define PACKAGE_TARNAME "boinc"
#define PACKAGE_VERSION "6.10.58"
#define PACKAGE_STRING "BOINC 6.10.58"
#define PACKAGE_BUGREPORT ""
#define PACKAGE_URL ""
#define PACKAGE "boinc"
#define VERSION "6.10.58"
#define STDC_HEADERS 1
#define HAVE_SYS_TYPES_H 1
#define HAVE_SYS_STAT_H 1
#define HAVE_STDLIB_H 1
#define HAVE_STRING_H 1
#define HAVE_MEMORY_H 1
#define HAVE_STRINGS_H 1
#define HAVE_INTTYPES_H 1
#define HAVE_STDINT_H 1
#define HAVE_UNISTD_H 1
#define HAVE_SYS_SOCKET_H 1
#define HAVE_DLFCN_H 1
#define HOSTTYPE "x86_64-pc-linux-gnu"
#define HOSTTYPEALT "i686-pc-linux-gnu"
#define DLLEXT ".so"
#define HAVE_SYS_SOCKET_H 1
#define HAVE_SOCKLEN_T 1
#define BOINC_SOCKLEN_T socklen_t

configure: exit 1
